<?xml version="1.0" encoding="UTF-8"?>
<!-- Generated by org.testng.reporters.JUnitReportReporter -->
<testsuite skipped="0" hostname="DESKTOP-TT2PE88" name="hanamaryMaven.CouponList" tests="4" failures="0" timestamp="07 Aug 2018 07:26:12 GMT" time="4.932" errors="0">
  <testcase name="CheckSortedCouponList" time="0.855" classname="hanamaryMaven.CouponList"/>
  <testcase name="CheckCouponInfoWithDB" time="2.866" classname="hanamaryMaven.CouponList"/>
  <testcase name="CheckTabEditButton" time="0.747" classname="hanamaryMaven.CouponList"/>
  <testcase name="CheckDeleteButton" time="0.464" classname="hanamaryMaven.CouponList"/>
</testsuite> <!-- hanamaryMaven.CouponList -->
