<?xml version="1.0" encoding="UTF-8"?>
<!-- Generated by org.testng.reporters.JUnitReportReporter -->
<testsuite skipped="0" hostname="DESKTOP-TT2PE88" name="hanamaryMaven.loginTest" tests="1" failures="0" timestamp="06 Aug 2018 02:48:26 GMT" time="41.678" errors="0">
  <testcase name="login" time="41.678" classname="hanamaryMaven.loginTest"/>
</testsuite> <!-- hanamaryMaven.loginTest -->
