<?xml version="1.0" encoding="UTF-8"?>
<!-- Generated by org.testng.reporters.JUnitReportReporter -->
<testsuite skipped="0" hostname="DESKTOP-TT2PE88" name="hanamaryMaven.ListCarouselBanner" tests="7" failures="0" timestamp="06 Aug 2018 02:54:27 GMT" time="10.984" errors="0">
  <testcase name="addButton_TestContent" time="0.341" classname="hanamaryMaven.ListCarouselBanner"/>
  <testcase name="addButton_TestColor" time="0.341" classname="hanamaryMaven.ListCarouselBanner"/>
  <testcase name="addButton_TestClick" time="5.005" classname="hanamaryMaven.ListCarouselBanner"/>
  <testcase name="detailButton_TestContent" time="0.522" classname="hanamaryMaven.ListCarouselBanner"/>
  <testcase name="detailButton_TestClick" time="3.607" classname="hanamaryMaven.ListCarouselBanner"/>
  <testcase name="BannerList_AscendingOrder" time="0.588" classname="hanamaryMaven.ListCarouselBanner"/>
  <testcase name="test1_8" time="0.580" classname="hanamaryMaven.ListCarouselBanner"/>
</testsuite> <!-- hanamaryMaven.ListCarouselBanner -->
